<?xml version="1.0" encoding="UTF-8"?>
<testsuite xmlns:xsi="http://www.w3.org/2001/XMLSchema-instance" xsi:noNamespaceSchemaLocation="https://maven.apache.org/surefire/maven-surefire-plugin/xsd/surefire-test-report-3.0.xsd" version="3.0" name="com.connectme.service.AuthServiceTest" time="0.214" tests="1" errors="1" skipped="0" failures="0">
  <properties>
[...]
</properties>
  <testcase name="" classname="com.connectme.service.AuthServiceTest" time="0.214">
    <error message="Table &quot;USERS&quot; already exists; SQL statement:&#10;CREATE TABLE users (id INT AUTO_INCREMENT PRIMARY KEY, username VARCHAR(50) UNIQUE, password_hash CHAR(64), status VARCHAR(10), failed_attempts INT DEFAULT 0, created_at TIMESTAMP DEFAULT CURRENT_TIMESTAMP) [42101-224]" type="org.h2.jdbc.JdbcSQLSyntaxErrorException"><![CDATA[org.h2.jdbc.JdbcSQLSyntaxErrorException: 
Table "USERS" already exists; SQL statement:
CREATE TABLE users (id INT AUTO_INCREMENT PRIMARY KEY, username VARCHAR(50) UNIQUE, password_hash CHAR(64), status VARCHAR(10), failed_attempts INT DEFAULT 0, created_at TIMESTAMP DEFAULT CURRENT_TIMESTAMP) [42101-224]
	at org.h2.message.DbException.getJdbcSQLException(DbException.java:514)
	at org.h2.message.DbException.getJdbcSQLException(DbException.java:489)
	at org.h2.message.DbException.get(DbException.java:223)
	at org.h2.message.DbException.get(DbException.java:199)
	at org.h2.command.ddl.CreateTable.update(CreateTable.java:91)
	at org.h2.command.CommandContainer.update(CommandContainer.java:169)
	at org.h2.command.Command.executeUpdate(Command.java:256)
	at org.h2.jdbc.JdbcStatement.executeInternal(JdbcStatement.java:262)
	at org.h2.jdbc.JdbcStatement.execute(JdbcStatement.java:231)
	at com.connectme.service.AuthServiceTest.setupDb(AuthServiceTest.java:18)
	at java.base/java.lang.reflect.Method.invoke(Method.java:580)
	at java.base/java.util.ArrayList.forEach(ArrayList.java:1596)
]]></error>
  </testcase>
</testsuite>